2023-11-18 18:11:15,818 - Начинаем игру с 7 бочонками.
2023-11-18 18:11:16,289 - Выпал бочонок под номером: 6
2023-11-18 18:11:16,565 - Выпал бочонок под номером: 5
2023-11-18 18:11:16,877 - Выпал бочонок под номером: 3
2023-11-18 18:11:17,111 - Выпал бочонок под номером: 7
2023-11-18 18:11:17,322 - Выпал бочонок под номером: 2
2023-11-18 18:11:17,542 - Выпал бочонок под номером: 4
2023-11-18 18:11:17,750 - Выпал бочонок под номером: 1
2023-11-18 18:11:17,983 - Бочонки закончились.
2023-11-18 18:13:15,080 - Начинаем игру с 13 бочонками.
2023-11-18 18:13:15,596 - Выпал бочонок под номером: 3
2023-11-18 18:13:16,019 - Выпал бочонок под номером: 13
2023-11-18 18:13:16,290 - Выпал бочонок под номером: 6
2023-11-18 18:13:16,486 - Выпал бочонок под номером: 11
2023-11-18 18:13:16,717 - Выпал бочонок под номером: 9
2023-11-18 18:13:17,150 - Выпал бочонок под номером: 1
2023-11-18 18:13:17,315 - Выпал бочонок под номером: 12
2023-11-18 18:13:17,672 - Выпал бочонок под номером: 7
2023-11-18 18:13:18,110 - Выпал бочонок под номером: 4
2023-11-18 18:13:18,630 - Выпал бочонок под номером: 2
2023-11-18 18:13:19,122 - Выпал бочонок под номером: 5
2023-11-18 18:13:19,737 - Выпал бочонок под номером: 10
2023-11-18 18:13:20,308 - Выпал бочонок под номером: 8
2023-11-18 18:13:20,843 - Бочонки закончились.
2023-11-18 18:15:32,713 - Начинаем игру с 25 бочонками.
2023-11-18 18:15:33,544 - Выпал бочонок под номером: 21
2023-11-18 18:15:33,850 - Выпал бочонок под номером: 16
2023-11-18 18:15:34,041 - Выпал бочонок под номером: 13
2023-11-18 18:15:34,225 - Выпал бочонок под номером: 14
2023-11-18 18:15:34,403 - Выпал бочонок под номером: 3
2023-11-18 18:15:34,576 - Выпал бочонок под номером: 1
2023-11-18 18:15:34,749 - Выпал бочонок под номером: 19
2023-11-18 18:15:34,914 - Выпал бочонок под номером: 4
2023-11-18 18:15:35,082 - Выпал бочонок под номером: 24
2023-11-18 18:15:35,254 - Выпал бочонок под номером: 8
2023-11-18 18:15:35,414 - Выпал бочонок под номером: 12
2023-11-18 18:15:35,576 - Выпал бочонок под номером: 2
2023-11-18 18:15:35,738 - Выпал бочонок под номером: 18
2023-11-18 18:15:35,902 - Выпал бочонок под номером: 23
2023-11-18 18:15:36,187 - Выпал бочонок под номером: 22
2023-11-18 18:15:36,348 - Выпал бочонок под номером: 17
2023-11-18 18:15:36,576 - Выпал бочонок под номером: 6
2023-11-18 18:15:36,757 - Выпал бочонок под номером: 7
2023-11-18 18:15:36,953 - Выпал бочонок под номером: 5
2023-11-18 18:15:37,262 - Выпал бочонок под номером: 10
2023-11-18 18:15:37,480 - Выпал бочонок под номером: 15
2023-11-18 18:15:37,716 - Выпал бочонок под номером: 11
2023-11-18 18:15:37,937 - Выпал бочонок под номером: 9
2023-11-18 18:15:38,178 - Выпал бочонок под номером: 25
2023-11-18 18:15:38,400 - Выпал бочонок под номером: 20
2023-11-18 18:15:38,590 - Бочонки закончились.
2023-11-18 18:16:19,295 - Начинаем игру с -1 бочонками.
2023-11-18 18:16:19,295 - Ввели отрицаетльное число.
2023-11-18 18:16:23,714 - Ввели не целое число.
